2022-07-25 13:34:46,377 INFO o.h.v.i.u.Version [background-preinit] HV000001: Hibernate Validator 6.2.0.Final
2022-07-25 13:34:46,407 INFO o.s.b.StartupInfoLogger [restartedMain] Starting SpringBootCrudApplication using Java 1.8.0_202 on LQHUNG with PID 4688 (C:\Users\lequo\Desktop\Spring\Test\target\classes started by lequo in C:\Users\lequo\Desktop\Spring\Test)
2022-07-25 13:34:46,445 INFO o.s.b.SpringApplication [restartedMain] No active profile set, falling back to default profiles: default
2022-07-25 13:34:46,481 INFO o.s.b.l.DeferredLog [restartedMain] Devtools property defaults active! Set 'spring.devtools.add-properties' to 'false' to disable
2022-07-25 13:34:46,482 INFO o.s.b.l.DeferredLog [restartedMain] For additional web related logging consider setting the 'logging.level.web' property to 'DEBUG'
2022-07-25 13:34:46,968 INFO o.s.d.r.c.RepositoryConfigurationDelegate [restartedMain] Bootstrapping Spring Data JPA repositories in DEFAULT mode.
2022-07-25 13:34:47,006 INFO o.s.d.r.c.RepositoryConfigurationDelegate [restartedMain] Finished Spring Data repository scanning in 30 ms. Found 1 JPA repository interfaces.
2022-07-25 13:34:47,569 INFO o.s.b.w.e.t.TomcatWebServer [restartedMain] Tomcat initialized with port(s): 8080 (http)
2022-07-25 13:34:47,577 INFO o.a.j.l.DirectJDKLog [restartedMain] Initializing ProtocolHandler ["http-nio-8080"]
2022-07-25 13:34:47,578 INFO o.a.j.l.DirectJDKLog [restartedMain] Starting service [Tomcat]
2022-07-25 13:34:47,579 INFO o.a.j.l.DirectJDKLog [restartedMain] Starting Servlet engine: [Apache Tomcat/9.0.56]
2022-07-25 13:34:47,643 INFO o.a.j.l.DirectJDKLog [restartedMain] Initializing Spring embedded WebApplicationContext
2022-07-25 13:34:47,644 INFO o.s.b.w.s.c.ServletWebServerApplicationContext [restartedMain] Root WebApplicationContext: initialization completed in 1161 ms
2022-07-25 13:34:47,797 INFO o.h.j.i.u.LogHelper [restartedMain] HHH000204: Processing PersistenceUnitInfo [name: default]
2022-07-25 13:34:47,856 INFO o.h.Version [restartedMain] HHH000412: Hibernate ORM core version 5.6.4.Final
2022-07-25 13:34:47,999 INFO o.h.a.c.r.j.JavaReflectionManager [restartedMain] HCANN000001: Hibernate Commons Annotations {5.1.2.Final}
2022-07-25 13:34:48,082 INFO c.z.h.HikariDataSource [restartedMain] HikariPool-1 - Starting...
2022-07-25 13:34:48,131 INFO c.z.h.HikariDataSource [restartedMain] HikariPool-1 - Start completed.
2022-07-25 13:34:48,145 INFO o.h.d.Dialect [restartedMain] HHH000400: Using dialect: org.hibernate.dialect.MariaDB103Dialect
2022-07-25 13:34:48,596 INFO o.h.e.t.j.p.i.JtaPlatformInitiator [restartedMain] HHH000490: Using JtaPlatform implementation: [org.hibernate.engine.transaction.jta.platform.internal.NoJtaPlatform]
2022-07-25 13:34:48,603 INFO o.s.o.j.AbstractEntityManagerFactoryBean [restartedMain] Initialized JPA EntityManagerFactory for persistence unit 'default'
2022-07-25 13:34:48,988 WARN o.s.b.a.o.j.JpaBaseConfiguration$JpaWebConfiguration [restartedMain] spring.jpa.open-in-view is enabled by default. Therefore, database queries may be performed during view rendering. Explicitly configure spring.jpa.open-in-view to disable this warning
2022-07-25 13:34:49,141 INFO o.s.b.a.w.s.WelcomePageHandlerMapping [restartedMain] Adding welcome page template: index
2022-07-25 13:34:49,278 INFO o.s.b.d.a.OptionalLiveReloadServer [restartedMain] LiveReload server is running on port 35729
2022-07-25 13:34:49,291 INFO o.a.j.l.DirectJDKLog [restartedMain] Starting ProtocolHandler ["http-nio-8080"]
2022-07-25 13:34:49,311 INFO o.s.b.w.e.t.TomcatWebServer [restartedMain] Tomcat started on port(s): 8080 (http) with context path ''
2022-07-25 13:34:49,321 INFO o.s.b.StartupInfoLogger [restartedMain] Started SpringBootCrudApplication in 3.161 seconds (JVM running for 7.926)
2022-07-25 13:34:54,308 INFO o.a.j.l.DirectJDKLog [http-nio-8080-exec-1] Initializing Spring DispatcherServlet 'dispatcherServlet'
2022-07-25 13:34:54,308 INFO o.s.w.s.FrameworkServlet [http-nio-8080-exec-1] Initializing Servlet 'dispatcherServlet'
2022-07-25 13:34:54,309 INFO o.s.w.s.FrameworkServlet [http-nio-8080-exec-1] Completed initialization in 1 ms
2022-07-25 13:34:54,329 INFO c.e.S.c.EmployeeRestController [http-nio-8080-exec-1] Info level log message
