2022-07-25 09:45:22,161 INFO o.s.b.StartupInfoLogger [restartedMain] Starting SpringBootCrudApplication using Java 1.8.0_202 on LQHUNG with PID 3440 (C:\Users\lequo\Desktop\Spring\Test\target\classes started by lequo in C:\Users\lequo\Desktop\Spring\Test)
2022-07-25 09:45:22,162 INFO o.s.b.SpringApplication [restartedMain] No active profile set, falling back to default profiles: default
2022-07-25 09:45:22,269 INFO o.s.d.r.c.RepositoryConfigurationDelegate [restartedMain] Bootstrapping Spring Data JPA repositories in DEFAULT mode.
2022-07-25 09:45:22,279 INFO o.s.d.r.c.RepositoryConfigurationDelegate [restartedMain] Finished Spring Data repository scanning in 8 ms. Found 1 JPA repository interfaces.
2022-07-25 09:45:22,373 INFO o.s.b.w.e.t.TomcatWebServer [restartedMain] Tomcat initialized with port(s): 8080 (http)
2022-07-25 09:45:22,373 INFO o.a.j.l.DirectJDKLog [restartedMain] Initializing ProtocolHandler ["http-nio-8080"]
2022-07-25 09:45:22,374 INFO o.a.j.l.DirectJDKLog [restartedMain] Starting service [Tomcat]
2022-07-25 09:45:22,374 INFO o.a.j.l.DirectJDKLog [restartedMain] Starting Servlet engine: [Apache Tomcat/9.0.56]
2022-07-25 09:45:22,383 INFO o.a.j.l.DirectJDKLog [restartedMain] Initializing Spring embedded WebApplicationContext
2022-07-25 09:45:22,384 INFO o.s.b.w.s.c.ServletWebServerApplicationContext [restartedMain] Root WebApplicationContext: initialization completed in 220 ms
2022-07-25 09:45:22,407 INFO o.h.j.i.u.LogHelper [restartedMain] HHH000204: Processing PersistenceUnitInfo [name: default]
2022-07-25 09:45:22,410 INFO c.z.h.HikariDataSource [restartedMain] HikariPool-2 - Starting...
2022-07-25 09:45:22,413 INFO c.z.h.HikariDataSource [restartedMain] HikariPool-2 - Start completed.
2022-07-25 09:45:22,413 INFO o.h.d.Dialect [restartedMain] HHH000400: Using dialect: org.hibernate.dialect.MariaDB103Dialect
2022-07-25 09:45:22,446 INFO o.h.e.t.j.p.i.JtaPlatformInitiator [restartedMain] HHH000490: Using JtaPlatform implementation: [org.hibernate.engine.transaction.jta.platform.internal.NoJtaPlatform]
2022-07-25 09:45:22,447 INFO o.s.o.j.AbstractEntityManagerFactoryBean [restartedMain] Initialized JPA EntityManagerFactory for persistence unit 'default'
2022-07-25 09:45:22,499 WARN o.s.b.a.o.j.JpaBaseConfiguration$JpaWebConfiguration [restartedMain] spring.jpa.open-in-view is enabled by default. Therefore, database queries may be performed during view rendering. Explicitly configure spring.jpa.open-in-view to disable this warning
2022-07-25 09:45:22,527 INFO o.s.b.a.w.s.WelcomePageHandlerMapping [restartedMain] Adding welcome page template: index
2022-07-25 09:45:22,557 INFO o.s.b.d.a.OptionalLiveReloadServer [restartedMain] LiveReload server is running on port 35729
2022-07-25 09:45:22,561 INFO o.a.j.l.DirectJDKLog [restartedMain] Starting ProtocolHandler ["http-nio-8080"]
2022-07-25 09:45:22,563 INFO o.s.b.w.e.t.TomcatWebServer [restartedMain] Tomcat started on port(s): 8080 (http) with context path ''
2022-07-25 09:45:22,567 INFO o.s.b.StartupInfoLogger [restartedMain] Started SpringBootCrudApplication in 0.44 seconds (JVM running for 194.945)
2022-07-25 09:45:22,570 INFO o.s.b.d.a.ConditionEvaluationDeltaLoggingListener [restartedMain] Condition evaluation unchanged
2022-07-25 09:45:49,466 INFO o.s.o.j.AbstractEntityManagerFactoryBean [Thread-8] Closing JPA EntityManagerFactory for persistence unit 'default'
2022-07-25 09:45:49,466 INFO c.z.h.HikariDataSource [Thread-8] HikariPool-2 - Shutdown initiated...
2022-07-25 09:45:49,468 INFO c.z.h.HikariDataSource [Thread-8] HikariPool-2 - Shutdown completed.
